<?xml version="1.0" encoding="UTF-8"?>
<testsuites>
  <testsuite name="CLI Arguments" tests="18" assertions="68" errors="0" failures="0" skipped="0" time="0.160012">
    <testsuite name="Amazon\Dax\Tests\Unit\Cache\KeySchemaCacheTest" file="/Users/danjohansson/code/amazon-dax/tests/Unit/Cache/KeySchemaCacheTest.php" tests="11" assertions="36" errors="0" failures="0" skipped="0" time="0.156918">
      <testcase name="testRemove" file="/Users/danjohansson/code/amazon-dax/tests/Unit/Cache/KeySchemaCacheTest.php" line="53" class="Amazon\Dax\Tests\Unit\Cache\KeySchemaCacheTest" classname="Amazon.Dax.Tests.Unit.Cache.KeySchemaCacheTest" assertions="2" time="0.003707"/>
      <testcase name="testClear" file="/Users/danjohansson/code/amazon-dax/tests/Unit/Cache/KeySchemaCacheTest.php" line="65" class="Amazon\Dax\Tests\Unit\Cache\KeySchemaCacheTest" classname="Amazon.Dax.Tests.Unit.Cache.KeySchemaCacheTest" assertions="4" time="0.000116"/>
      <testcase name="testMaxSizeEviction" file="/Users/danjohansson/code/amazon-dax/tests/Unit/Cache/KeySchemaCacheTest.php" line="79" class="Amazon\Dax\Tests\Unit\Cache\KeySchemaCacheTest" classname="Amazon.Dax.Tests.Unit.Cache.KeySchemaCacheTest" assertions="7" time="0.000103"/>
      <testcase name="testUpdateExistingEntry" file="/Users/danjohansson/code/amazon-dax/tests/Unit/Cache/KeySchemaCacheTest.php" line="144" class="Amazon\Dax\Tests\Unit\Cache\KeySchemaCacheTest" classname="Amazon.Dax.Tests.Unit.Cache.KeySchemaCacheTest" assertions="3" time="0.000579"/>
      <testcase name="testEmptyCache" file="/Users/danjohansson/code/amazon-dax/tests/Unit/Cache/KeySchemaCacheTest.php" line="161" class="Amazon\Dax\Tests\Unit\Cache\KeySchemaCacheTest" classname="Amazon.Dax.Tests.Unit.Cache.KeySchemaCacheTest" assertions="2" time="0.000321"/>
      <testcase name="testGetNonExistentTable" file="/Users/danjohansson/code/amazon-dax/tests/Unit/Cache/KeySchemaCacheTest.php" line="36" class="Amazon\Dax\Tests\Unit\Cache\KeySchemaCacheTest" classname="Amazon.Dax.Tests.Unit.Cache.KeySchemaCacheTest" assertions="1" time="0.000223"/>
      <testcase name="testHas" file="/Users/danjohansson/code/amazon-dax/tests/Unit/Cache/KeySchemaCacheTest.php" line="42" class="Amazon\Dax\Tests\Unit\Cache\KeySchemaCacheTest" classname="Amazon.Dax.Tests.Unit.Cache.KeySchemaCacheTest" assertions="2" time="0.000079"/>
      <testcase name="testGetTableNames" file="/Users/danjohansson/code/amazon-dax/tests/Unit/Cache/KeySchemaCacheTest.php" line="115" class="Amazon\Dax\Tests\Unit\Cache\KeySchemaCacheTest" classname="Amazon.Dax.Tests.Unit.Cache.KeySchemaCacheTest" assertions="3" time="0.000393"/>
      <testcase name="testGetStats" file="/Users/danjohansson/code/amazon-dax/tests/Unit/Cache/KeySchemaCacheTest.php" line="126" class="Amazon\Dax\Tests\Unit\Cache\KeySchemaCacheTest" classname="Amazon.Dax.Tests.Unit.Cache.KeySchemaCacheTest" assertions="8" time="0.000679"/>
      <testcase name="testPutAndGet" file="/Users/danjohansson/code/amazon-dax/tests/Unit/Cache/KeySchemaCacheTest.php" line="22" class="Amazon\Dax\Tests\Unit\Cache\KeySchemaCacheTest" classname="Amazon.Dax.Tests.Unit.Cache.KeySchemaCacheTest" assertions="1" time="0.000097"/>
      <testcase name="testTtlExpiration" file="/Users/danjohansson/code/amazon-dax/tests/Unit/Cache/KeySchemaCacheTest.php" line="99" class="Amazon\Dax\Tests\Unit\Cache\KeySchemaCacheTest" classname="Amazon.Dax.Tests.Unit.Cache.KeySchemaCacheTest" assertions="3" time="0.150621"/>
    </testsuite>
    <testsuite name="Amazon\Dax\Tests\Unit\Cache\Psr16ComplianceTest" file="/Users/danjohansson/code/amazon-dax/tests/Unit/Cache/Psr16ComplianceTest.php" tests="7" assertions="32" errors="0" failures="0" skipped="0" time="0.003094">
      <testcase name="testAttributeListCache_ImplementsPsr16Interface" file="/Users/danjohansson/code/amazon-dax/tests/Unit/Cache/Psr16ComplianceTest.php" line="23" class="Amazon\Dax\Tests\Unit\Cache\Psr16ComplianceTest" classname="Amazon.Dax.Tests.Unit.Cache.Psr16ComplianceTest" assertions="1" time="0.001239"/>
      <testcase name="testAttributeListCache_Psr16Methods" file="/Users/danjohansson/code/amazon-dax/tests/Unit/Cache/Psr16ComplianceTest.php" line="55" class="Amazon\Dax\Tests\Unit\Cache\Psr16ComplianceTest" classname="Amazon.Dax.Tests.Unit.Cache.Psr16ComplianceTest" assertions="11" time="0.000204"/>
      <testcase name="testMultipleOperations" file="/Users/danjohansson/code/amazon-dax/tests/Unit/Cache/Psr16ComplianceTest.php" line="81" class="Amazon\Dax\Tests\Unit\Cache\Psr16ComplianceTest" classname="Amazon.Dax.Tests.Unit.Cache.Psr16ComplianceTest" assertions="6" time="0.000147"/>
      <testcase name="testInvalidKeyWithReservedCharacters" file="/Users/danjohansson/code/amazon-dax/tests/Unit/Cache/Psr16ComplianceTest.php" line="109" class="Amazon\Dax\Tests\Unit\Cache\Psr16ComplianceTest" classname="Amazon.Dax.Tests.Unit.Cache.Psr16ComplianceTest" assertions="1" time="0.001171"/>
      <testcase name="testKeySchemaCache_Psr16Methods" file="/Users/danjohansson/code/amazon-dax/tests/Unit/Cache/Psr16ComplianceTest.php" line="29" class="Amazon\Dax\Tests\Unit\Cache\Psr16ComplianceTest" classname="Amazon.Dax.Tests.Unit.Cache.Psr16ComplianceTest" assertions="11" time="0.000153"/>
      <testcase name="testInvalidKeyValidation" file="/Users/danjohansson/code/amazon-dax/tests/Unit/Cache/Psr16ComplianceTest.php" line="101" class="Amazon\Dax\Tests\Unit\Cache\Psr16ComplianceTest" classname="Amazon.Dax.Tests.Unit.Cache.Psr16ComplianceTest" assertions="1" time="0.000101"/>
      <testcase name="testKeySchemaCache_ImplementsPsr16Interface" file="/Users/danjohansson/code/amazon-dax/tests/Unit/Cache/Psr16ComplianceTest.php" line="17" class="Amazon\Dax\Tests\Unit\Cache\Psr16ComplianceTest" classname="Amazon.Dax.Tests.Unit.Cache.Psr16ComplianceTest" assertions="1" time="0.000079"/>
    </testsuite>
  </testsuite>
</testsuites>
